{"C:\\Users\\etroshko\\Desktop\\Frontcamp\\task13\\models\\blog.js":{"path":"C:\\Users\\etroshko\\Desktop\\Frontcamp\\task13\\models\\blog.js","s":{"1":1,"2":1,"3":1,"4":1,"5":1},"b":{},"f":{},"fnMap":{},"statementMap":{"1":{"start":{"line":1,"column":0},"end":{"line":1,"column":37}},"2":{"start":{"line":2,"column":0},"end":{"line":2,"column":31}},"3":{"start":{"line":4,"column":0},"end":{"line":8,"column":3}},"4":{"start":{"line":10,"column":0},"end":{"line":10,"column":48}},"5":{"start":{"line":12,"column":0},"end":{"line":12,"column":22}}},"branchMap":{}},"C:\\Users\\etroshko\\Desktop\\Frontcamp\\task13\\server.js":{"path":"C:\\Users\\etroshko\\Desktop\\Frontcamp\\task13\\server.js","s":{"1":1,"2":1,"3":1,"4":1,"5":1,"6":1,"7":1,"8":1,"9":1,"10":1,"11":1,"12":1,"13":1,"14":1,"15":0,"16":1,"17":1,"18":1,"19":1,"20":1,"21":1,"22":1,"23":1,"24":1,"25":0,"26":0,"27":1,"28":1,"29":1,"30":0,"31":0,"32":1,"33":0,"34":1},"b":{},"f":{},"fnMap":{},"statementMap":{"1":{"start":{"line":1,"column":0},"end":{"line":1,"column":35}},"2":{"start":{"line":2,"column":0},"end":{"line":2,"column":42}},"3":{"start":{"line":3,"column":0},"end":{"line":3,"column":39}},"4":{"start":{"line":4,"column":0},"end":{"line":4,"column":46}},"5":{"start":{"line":5,"column":0},"end":{"line":5,"column":43}},"6":{"start":{"line":6,"column":0},"end":{"line":6,"column":46}},"7":{"start":{"line":8,"column":0},"end":{"line":8,"column":35}},"8":{"start":{"line":10,"column":0},"end":{"line":10,"column":40}},"9":{"start":{"line":11,"column":0},"end":{"line":11,"column":40}},"10":{"start":{"line":13,"column":0},"end":{"line":13,"column":37}},"11":{"start":{"line":14,"column":0},"end":{"line":14,"column":75}},"12":{"start":{"line":16,"column":0},"end":{"line":16,"column":31}},"13":{"start":{"line":17,"column":0},"end":{"line":17,"column":65}},"14":{"start":{"line":18,"column":0},"end":{"line":18,"column":48}},"15":{"start":{"line":18,"column":22},"end":{"line":18,"column":46}},"16":{"start":{"line":20,"column":0},"end":{"line":20,"column":22}},"17":{"start":{"line":22,"column":0},"end":{"line":22,"column":24}},"18":{"start":{"line":23,"column":0},"end":{"line":23,"column":49}},"19":{"start":{"line":24,"column":0},"end":{"line":24,"column":27}},"20":{"start":{"line":26,"column":0},"end":{"line":26,"column":42}},"21":{"start":{"line":27,"column":0},"end":{"line":27,"column":31}},"22":{"start":{"line":28,"column":0},"end":{"line":28,"column":28}},"23":{"start":{"line":29,"column":0},"end":{"line":29,"column":17}},"24":{"start":{"line":31,"column":0},"end":{"line":34,"column":3}},"25":{"start":{"line":32,"column":2},"end":{"line":32,"column":98}},"26":{"start":{"line":33,"column":2},"end":{"line":33,"column":9}},"27":{"start":{"line":36,"column":0},"end":{"line":36,"column":20}},"28":{"start":{"line":37,"column":0},"end":{"line":37,"column":25}},"29":{"start":{"line":39,"column":0},"end":{"line":42,"column":3}},"30":{"start":{"line":40,"column":2},"end":{"line":40,"column":21}},"31":{"start":{"line":41,"column":2},"end":{"line":41,"column":43}},"32":{"start":{"line":44,"column":0},"end":{"line":46,"column":3}},"33":{"start":{"line":45,"column":2},"end":{"line":45,"column":35}},"34":{"start":{"line":48,"column":0},"end":{"line":48,"column":21}}},"branchMap":{}},"C:\\Users\\etroshko\\Desktop\\Frontcamp\\task13\\config\\passport.js":{"path":"C:\\Users\\etroshko\\Desktop\\Frontcamp\\task13\\config\\passport.js","s":{"1":1,"2":1,"3":1,"4":1,"5":0,"6":1,"7":0,"8":0,"9":1,"10":0,"11":0,"12":0,"13":0,"14":0,"15":0,"16":0,"17":0,"18":0,"19":0,"20":0,"21":0,"22":0,"23":1,"24":0,"25":0,"26":0,"27":0,"28":0,"29":0,"30":0,"31":0,"32":1},"b":{"1":[0,0],"2":[0,0],"3":[0,0],"4":[0,0],"5":[0,0],"6":[0,0]},"f":{},"fnMap":{},"statementMap":{"1":{"start":{"line":1,"column":0},"end":{"line":1,"column":37}},"2":{"start":{"line":2,"column":0},"end":{"line":2,"column":57}},"3":{"start":{"line":3,"column":0},"end":{"line":3,"column":39}},"4":{"start":{"line":5,"column":0},"end":{"line":7,"column":3}},"5":{"start":{"line":6,"column":2},"end":{"line":6,"column":22}},"6":{"start":{"line":9,"column":0},"end":{"line":13,"column":3}},"7":{"start":{"line":10,"column":2},"end":{"line":12,"column":5}},"8":{"start":{"line":11,"column":4},"end":{"line":11,"column":20}},"9":{"start":{"line":15,"column":0},"end":{"line":41,"column":3}},"10":{"start":{"line":20,"column":4},"end":{"line":39,"column":7}},"11":{"start":{"line":21,"column":6},"end":{"line":38,"column":9}},"12":{"start":{"line":22,"column":8},"end":{"line":24,"column":9}},"13":{"start":{"line":23,"column":10},"end":{"line":23,"column":27}},"14":{"start":{"line":25,"column":8},"end":{"line":27,"column":9}},"15":{"start":{"line":26,"column":10},"end":{"line":26,"column":95}},"16":{"start":{"line":28,"column":8},"end":{"line":28,"column":35}},"17":{"start":{"line":29,"column":8},"end":{"line":29,"column":30}},"18":{"start":{"line":30,"column":8},"end":{"line":30,"column":58}},"19":{"start":{"line":32,"column":8},"end":{"line":37,"column":11}},"20":{"start":{"line":33,"column":10},"end":{"line":35,"column":11}},"21":{"start":{"line":34,"column":12},"end":{"line":34,"column":22}},"22":{"start":{"line":36,"column":10},"end":{"line":36,"column":37}},"23":{"start":{"line":43,"column":0},"end":{"line":61,"column":3}},"24":{"start":{"line":48,"column":4},"end":{"line":59,"column":7}},"25":{"start":{"line":49,"column":6},"end":{"line":51,"column":7}},"26":{"start":{"line":50,"column":8},"end":{"line":50,"column":25}},"27":{"start":{"line":52,"column":6},"end":{"line":54,"column":7}},"28":{"start":{"line":53,"column":8},"end":{"line":53,"column":78}},"29":{"start":{"line":55,"column":6},"end":{"line":57,"column":7}},"30":{"start":{"line":56,"column":8},"end":{"line":56,"column":85}},"31":{"start":{"line":58,"column":6},"end":{"line":58,"column":30}},"32":{"start":{"line":63,"column":0},"end":{"line":63,"column":26}}},"branchMap":{"1":{"line":22,"type":"if","locations":[{"start":{"line":22,"column":8},"end":{"line":22,"column":8}},{"start":{"line":22,"column":8},"end":{"line":22,"column":8}}]},"2":{"line":25,"type":"if","locations":[{"start":{"line":25,"column":8},"end":{"line":25,"column":8}},{"start":{"line":25,"column":8},"end":{"line":25,"column":8}}]},"3":{"line":33,"type":"if","locations":[{"start":{"line":33,"column":10},"end":{"line":33,"column":10}},{"start":{"line":33,"column":10},"end":{"line":33,"column":10}}]},"4":{"line":49,"type":"if","locations":[{"start":{"line":49,"column":6},"end":{"line":49,"column":6}},{"start":{"line":49,"column":6},"end":{"line":49,"column":6}}]},"5":{"line":52,"type":"if","locations":[{"start":{"line":52,"column":6},"end":{"line":52,"column":6}},{"start":{"line":52,"column":6},"end":{"line":52,"column":6}}]},"6":{"line":55,"type":"if","locations":[{"start":{"line":55,"column":6},"end":{"line":55,"column":6}},{"start":{"line":55,"column":6},"end":{"line":55,"column":6}}]}}},"C:\\Users\\etroshko\\Desktop\\Frontcamp\\task13\\models\\user.js":{"path":"C:\\Users\\etroshko\\Desktop\\Frontcamp\\task13\\models\\user.js","s":{"1":1,"2":1,"3":1,"4":1,"5":1,"6":0,"7":1,"8":0,"9":1,"10":1},"b":{},"f":{"1":0,"2":0},"fnMap":{"1":{"name":"(anonymous_1)","line":10,"loc":{"start":{"line":10,"column":34},"end":{"line":10,"column":54}}},"2":{"name":"(anonymous_2)","line":14,"loc":{"start":{"line":14,"column":35},"end":{"line":14,"column":55}}}},"statementMap":{"1":{"start":{"line":1,"column":0},"end":{"line":1,"column":37}},"2":{"start":{"line":2,"column":0},"end":{"line":2,"column":40}},"3":{"start":{"line":3,"column":0},"end":{"line":3,"column":31}},"4":{"start":{"line":5,"column":0},"end":{"line":8,"column":3}},"5":{"start":{"line":10,"column":0},"end":{"line":12,"column":2}},"6":{"start":{"line":11,"column":2},"end":{"line":11,"column":64}},"7":{"start":{"line":14,"column":0},"end":{"line":16,"column":2}},"8":{"start":{"line":15,"column":2},"end":{"line":15,"column":53}},"9":{"start":{"line":18,"column":0},"end":{"line":18,"column":48}},"10":{"start":{"line":20,"column":0},"end":{"line":20,"column":22}}},"branchMap":{}},"C:\\Users\\etroshko\\Desktop\\Frontcamp\\task13\\logger.js":{"path":"C:\\Users\\etroshko\\Desktop\\Frontcamp\\task13\\logger.js","s":{"1":1,"2":1,"3":1},"b":{},"f":{},"fnMap":{},"statementMap":{"1":{"start":{"line":1,"column":0},"end":{"line":1,"column":35}},"2":{"start":{"line":3,"column":0},"end":{"line":8,"column":3}},"3":{"start":{"line":10,"column":0},"end":{"line":10,"column":24}}},"branchMap":{}},"C:\\Users\\etroshko\\Desktop\\Frontcamp\\task13\\routes\\blogs.js":{"path":"C:\\Users\\etroshko\\Desktop\\Frontcamp\\task13\\routes\\blogs.js","s":{"1":1,"2":1,"3":1,"4":1,"5":0,"6":0,"7":0,"8":1,"9":1,"10":1,"11":1,"12":1,"13":1},"b":{"1":[0,0]},"f":{"1":0},"fnMap":{"1":{"name":"isLoggedIn","line":6,"loc":{"start":{"line":6,"column":0},"end":{"line":6,"column":36}}}},"statementMap":{"1":{"start":{"line":1,"column":0},"end":{"line":1,"column":35}},"2":{"start":{"line":2,"column":0},"end":{"line":2,"column":65}},"3":{"start":{"line":4,"column":0},"end":{"line":4,"column":32}},"4":{"start":{"line":6,"column":0},"end":{"line":11,"column":1}},"5":{"start":{"line":7,"column":2},"end":{"line":9,"column":3}},"6":{"start":{"line":8,"column":4},"end":{"line":8,"column":18}},"7":{"start":{"line":10,"column":2},"end":{"line":10,"column":20}},"8":{"start":{"line":13,"column":0},"end":{"line":13,"column":39}},"9":{"start":{"line":15,"column":0},"end":{"line":15,"column":43}},"10":{"start":{"line":17,"column":0},"end":{"line":17,"column":40}},"11":{"start":{"line":19,"column":0},"end":{"line":19,"column":39}},"12":{"start":{"line":21,"column":0},"end":{"line":21,"column":49}},"13":{"start":{"line":23,"column":0},"end":{"line":23,"column":24}}},"branchMap":{"1":{"line":7,"type":"if","locations":[{"start":{"line":7,"column":2},"end":{"line":7,"column":2}},{"start":{"line":7,"column":2},"end":{"line":7,"column":2}}]}}},"C:\\Users\\etroshko\\Desktop\\Frontcamp\\task13\\controllers\\blogsController.js":{"path":"C:\\Users\\etroshko\\Desktop\\Frontcamp\\task13\\controllers\\blogsController.js","s":{"1":1,"2":1,"3":1,"4":0,"5":0,"6":0,"7":0,"8":0,"9":0,"10":0,"11":0,"12":0,"13":0,"14":0,"15":0,"16":0,"17":0,"18":0,"19":0,"20":0,"21":0,"22":0,"23":0,"24":0,"25":0,"26":0,"27":0,"28":0,"29":0,"30":0,"31":0,"32":0,"33":0,"34":0,"35":0,"36":0},"b":{"1":[0,0],"2":[0,0],"3":[0,0],"4":[0,0],"5":[0,0],"6":[0,0],"7":[0,0],"8":[0,0],"9":[0,0],"10":[0,0],"11":[0,0]},"f":{"1":0,"2":0,"3":0,"4":0,"5":0,"6":0},"fnMap":{"1":{"name":"(anonymous_1)","line":5,"loc":{"start":{"line":5,"column":8},"end":{"line":5,"column":19}}},"2":{"name":"(anonymous_2)","line":14,"loc":{"start":{"line":14,"column":9},"end":{"line":14,"column":20}}},"3":{"name":"(anonymous_3)","line":29,"loc":{"start":{"line":29,"column":8},"end":{"line":29,"column":19}}},"4":{"name":"(anonymous_4)","line":46,"loc":{"start":{"line":46,"column":5},"end":{"line":46,"column":16}}},"5":{"name":"(anonymous_5)","line":55,"loc":{"start":{"line":55,"column":73},"end":{"line":55,"column":101}}},"6":{"name":"(anonymous_6)","line":67,"loc":{"start":{"line":67,"column":12},"end":{"line":67,"column":23}}}},"statementMap":{"1":{"start":{"line":1,"column":0},"end":{"line":1,"column":39}},"2":{"start":{"line":2,"column":0},"end":{"line":2,"column":33}},"3":{"start":{"line":4,"column":0},"end":{"line":81,"column":2}},"4":{"start":{"line":6,"column":4},"end":{"line":11,"column":7}},"5":{"start":{"line":7,"column":6},"end":{"line":9,"column":7}},"6":{"start":{"line":8,"column":8},"end":{"line":8,"column":18}},"7":{"start":{"line":10,"column":6},"end":{"line":10,"column":21}},"8":{"start":{"line":15,"column":4},"end":{"line":15,"column":29}},"9":{"start":{"line":17,"column":4},"end":{"line":26,"column":7}},"10":{"start":{"line":18,"column":6},"end":{"line":20,"column":7}},"11":{"start":{"line":19,"column":8},"end":{"line":19,"column":18}},"12":{"start":{"line":21,"column":6},"end":{"line":25,"column":7}},"13":{"start":{"line":22,"column":8},"end":{"line":22,"column":26}},"14":{"start":{"line":24,"column":8},"end":{"line":24,"column":42}},"15":{"start":{"line":30,"column":4},"end":{"line":30,"column":47}},"16":{"start":{"line":32,"column":4},"end":{"line":36,"column":7}},"17":{"start":{"line":38,"column":4},"end":{"line":43,"column":7}},"18":{"start":{"line":39,"column":6},"end":{"line":41,"column":7}},"19":{"start":{"line":40,"column":8},"end":{"line":40,"column":18}},"20":{"start":{"line":42,"column":6},"end":{"line":42,"column":35}},"21":{"start":{"line":47,"column":4},"end":{"line":47,"column":39}},"22":{"start":{"line":48,"column":4},"end":{"line":48,"column":29}},"23":{"start":{"line":49,"column":4},"end":{"line":53,"column":6}},"24":{"start":{"line":55,"column":4},"end":{"line":64,"column":7}},"25":{"start":{"line":56,"column":6},"end":{"line":58,"column":7}},"26":{"start":{"line":57,"column":8},"end":{"line":57,"column":18}},"27":{"start":{"line":59,"column":6},"end":{"line":63,"column":7}},"28":{"start":{"line":60,"column":8},"end":{"line":60,"column":53}},"29":{"start":{"line":62,"column":8},"end":{"line":62,"column":51}},"30":{"start":{"line":68,"column":4},"end":{"line":68,"column":29}},"31":{"start":{"line":70,"column":4},"end":{"line":79,"column":7}},"32":{"start":{"line":71,"column":6},"end":{"line":73,"column":7}},"33":{"start":{"line":72,"column":8},"end":{"line":72,"column":18}},"34":{"start":{"line":74,"column":6},"end":{"line":78,"column":7}},"35":{"start":{"line":75,"column":8},"end":{"line":75,"column":44}},"36":{"start":{"line":77,"column":8},"end":{"line":77,"column":50}}},"branchMap":{"1":{"line":7,"type":"if","locations":[{"start":{"line":7,"column":6},"end":{"line":7,"column":6}},{"start":{"line":7,"column":6},"end":{"line":7,"column":6}}]},"2":{"line":18,"type":"if","locations":[{"start":{"line":18,"column":6},"end":{"line":18,"column":6}},{"start":{"line":18,"column":6},"end":{"line":18,"column":6}}]},"3":{"line":21,"type":"if","locations":[{"start":{"line":21,"column":6},"end":{"line":21,"column":6}},{"start":{"line":21,"column":6},"end":{"line":21,"column":6}}]},"4":{"line":33,"type":"binary-expr","locations":[{"start":{"line":33,"column":16},"end":{"line":33,"column":22}},{"start":{"line":33,"column":26},"end":{"line":33,"column":34}}]},"5":{"line":34,"type":"binary-expr","locations":[{"start":{"line":34,"column":16},"end":{"line":34,"column":22}},{"start":{"line":34,"column":26},"end":{"line":34,"column":32}}]},"6":{"line":35,"type":"binary-expr","locations":[{"start":{"line":35,"column":17},"end":{"line":35,"column":24}},{"start":{"line":35,"column":28},"end":{"line":35,"column":49}}]},"7":{"line":39,"type":"if","locations":[{"start":{"line":39,"column":6},"end":{"line":39,"column":6}},{"start":{"line":39,"column":6},"end":{"line":39,"column":6}}]},"8":{"line":56,"type":"if","locations":[{"start":{"line":56,"column":6},"end":{"line":56,"column":6}},{"start":{"line":56,"column":6},"end":{"line":56,"column":6}}]},"9":{"line":59,"type":"if","locations":[{"start":{"line":59,"column":6},"end":{"line":59,"column":6}},{"start":{"line":59,"column":6},"end":{"line":59,"column":6}}]},"10":{"line":71,"type":"if","locations":[{"start":{"line":71,"column":6},"end":{"line":71,"column":6}},{"start":{"line":71,"column":6},"end":{"line":71,"column":6}}]},"11":{"line":74,"type":"if","locations":[{"start":{"line":74,"column":6},"end":{"line":74,"column":6}},{"start":{"line":74,"column":6},"end":{"line":74,"column":6}}]}}},"C:\\Users\\etroshko\\Desktop\\Frontcamp\\task13\\routes\\users.js":{"path":"C:\\Users\\etroshko\\Desktop\\Frontcamp\\task13\\routes\\users.js","s":{"1":1,"2":1,"3":1,"4":1,"5":1,"6":1,"7":1,"8":1,"9":1,"10":1,"11":1},"b":{},"f":{},"fnMap":{},"statementMap":{"1":{"start":{"line":1,"column":0},"end":{"line":1,"column":35}},"2":{"start":{"line":2,"column":0},"end":{"line":2,"column":65}},"3":{"start":{"line":3,"column":0},"end":{"line":3,"column":37}},"4":{"start":{"line":4,"column":0},"end":{"line":4,"column":32}},"5":{"start":{"line":6,"column":0},"end":{"line":11,"column":2}},"6":{"start":{"line":13,"column":0},"end":{"line":17,"column":4}},"7":{"start":{"line":19,"column":0},"end":{"line":19,"column":44}},"8":{"start":{"line":21,"column":0},"end":{"line":21,"column":50}},"9":{"start":{"line":23,"column":0},"end":{"line":23,"column":52}},"10":{"start":{"line":25,"column":0},"end":{"line":25,"column":45}},"11":{"start":{"line":27,"column":0},"end":{"line":27,"column":24}}},"branchMap":{}},"C:\\Users\\etroshko\\Desktop\\Frontcamp\\task13\\controllers\\usersController.js":{"path":"C:\\Users\\etroshko\\Desktop\\Frontcamp\\task13\\controllers\\usersController.js","s":{"1":1,"2":0,"3":0,"4":0,"5":0,"6":0},"b":{},"f":{"1":0,"2":0,"3":0,"4":0},"fnMap":{"1":{"name":"(anonymous_1)","line":2,"loc":{"start":{"line":2,"column":13},"end":{"line":2,"column":24}}},"2":{"name":"(anonymous_2)","line":6,"loc":{"start":{"line":6,"column":14},"end":{"line":6,"column":25}}},"3":{"name":"(anonymous_3)","line":10,"loc":{"start":{"line":10,"column":15},"end":{"line":10,"column":26}}},"4":{"name":"(anonymous_4)","line":14,"loc":{"start":{"line":14,"column":8},"end":{"line":14,"column":19}}}},"statementMap":{"1":{"start":{"line":1,"column":0},"end":{"line":18,"column":2}},"2":{"start":{"line":3,"column":4},"end":{"line":3,"column":28}},"3":{"start":{"line":7,"column":4},"end":{"line":7,"column":66}},"4":{"start":{"line":11,"column":4},"end":{"line":11,"column":68}},"5":{"start":{"line":15,"column":4},"end":{"line":15,"column":17}},"6":{"start":{"line":16,"column":4},"end":{"line":16,"column":22}}},"branchMap":{}}}